<?xml version="1.0" encoding="utf-8"?><testsuites><testsuite name="pytest" errors="0" failures="0" skipped="0" tests="3" time="0.465" timestamp="2025-01-25T22:42:24.714604" hostname="Dianas-MacBook-Pro.local"><testcase classname="tests.test_patient_simulation" name="test_complete_patient_simulation" time="0.067" /><testcase classname="tests.test_patient_simulation" name="test_patient_simulation_with_complications" time="0.026" /><testcase classname="tests.test_patient_simulation" name="test_patient_simulation_with_treatment_response" time="0.025" /></testsuite></testsuites>